This is pdfTeX, Version 3.1415926-1.40.8-beta-20080627 (MiKTeX 2.7) (preloaded format=pdflatex 2008.10.1)  29 APR 2009 18:04
entering extended mode
**report
(report.tex
LaTeX2e <2005/12/01>
Babel <v3.8j> and hyphenation patterns for english, dumylang, nohyphenation, ge
rman, ngerman, german-x-2008-06-18, ngerman-x-2008-06-18, french, loaded.
("C:\Program Files\MiKTeX\tex\latex\base\report.cls"
Document Class: report 2005/09/16 v1.4f Standard LaTeX document class
("C:\Program Files\MiKTeX\tex\latex\base\size11.clo"
File: size11.clo 2005/09/16 v1.4f Standard LaTeX file (size option)
)
\c@part=\count79
\c@chapter=\count80
\c@section=\count81
\c@subsection=\count82
\c@subsubsection=\count83
\c@paragraph=\count84
\c@subparagraph=\count85
\c@figure=\count86
\c@table=\count87
\abovecaptionskip=\skip41
\belowcaptionskip=\skip42
\bibindent=\dimen102
)
("C:\Program Files\MiKTeX\tex\latex\graphics\graphicx.sty"
Package: graphicx 1999/02/16 v1.0f Enhanced LaTeX Graphics (DPC,SPQR)

("C:\Program Files\MiKTeX\tex\latex\graphics\keyval.sty"
Package: keyval 1999/03/16 v1.13 key=value parser (DPC)
\KV@toks@=\toks14
)
("C:\Program Files\MiKTeX\tex\latex\graphics\graphics.sty"
Package: graphics 2006/02/20 v1.0o Standard LaTeX Graphics (DPC,SPQR)

("C:\Program Files\MiKTeX\tex\latex\graphics\trig.sty"
Package: trig 1999/03/16 v1.09 sin cos tan (DPC)
)
("C:\Program Files\MiKTeX\tex\latex\00miktex\graphics.cfg"
File: graphics.cfg 2007/01/18 v1.5 graphics configuration of teTeX/TeXLive
)
Package graphics Info: Driver file: pdftex.def on input line 90.

("C:\Program Files\MiKTeX\tex\latex\graphics\pdftex.def"
File: pdftex.def 2007/06/12 v0.04h Graphics/color for pdfTeX
\Gread@gobject=\count88
))
\Gin@req@height=\dimen103
\Gin@req@width=\dimen104
) (fullpage.sty
Package: fullpage 1999/02/23 1.1 (PWD)
\FP@margin=\skip43
)
(titlepic.sty
Package: titlepic 2008/08/03 1.0 Package to display a picture on the title page

) ("C:\Program Files\MiKTeX\tex\latex\base\inputenc.sty"
Package: inputenc 2006/05/05 v1.1b Input encoding file
\inpenc@prehook=\toks15
\inpenc@posthook=\toks16

("C:\Program Files\MiKTeX\tex\latex\base\latin1.def"
File: latin1.def 2006/05/05 v1.1b Input encoding file
))
("C:\Program Files\MiKTeX\tex\latex\base\fontenc.sty"
Package: fontenc 2005/09/27 v1.99g Standard LaTeX package

("C:\Program Files\MiKTeX\tex\latex\base\t1enc.def"
File: t1enc.def 2005/09/27 v1.99g Standard LaTeX file
LaTeX Font Info:    Redeclaring font encoding T1 on input line 43.
))
("D:\My Documents\EIT\rep\procreport\aux-files\report.aux")
LaTeX Font Info:    Checking defaults for OML/cmm/m/it on input line 48.
LaTeX Font Info:    ... okay on input line 48.
LaTeX Font Info:    Checking defaults for T1/cmr/m/n on input line 48.
LaTeX Font Info:    ... okay on input line 48.
LaTeX Font Info:    Checking defaults for OT1/cmr/m/n on input line 48.
LaTeX Font Info:    ... okay on input line 48.
LaTeX Font Info:    Checking defaults for OMS/cmsy/m/n on input line 48.
LaTeX Font Info:    ... okay on input line 48.
LaTeX Font Info:    Checking defaults for OMX/cmex/m/n on input line 48.
LaTeX Font Info:    ... okay on input line 48.
LaTeX Font Info:    Checking defaults for U/cmr/m/n on input line 48.
LaTeX Font Info:    ... okay on input line 48.

("C:\Program Files\MiKTeX\tex\context\base\supp-pdf.tex"
[Loading MPS to PDF converter (version 2006.09.02).]
\scratchcounter=\count89
\scratchdimen=\dimen105
\scratchbox=\box26
\nofMPsegments=\count90
\nofMParguments=\count91
\everyMPshowfont=\toks17
\MPscratchCnt=\count92
\MPscratchDim=\dimen106
\MPnumerator=\count93
\everyMPtoPDFconversion=\toks18
)
LaTeX Font Info:    External font `cmex10' loaded for size
(Font)              <10.95> on input line 49.
LaTeX Font Info:    External font `cmex10' loaded for size
(Font)              <8> on input line 49.
LaTeX Font Info:    External font `cmex10' loaded for size
(Font)              <6> on input line 49.
 <graphics/logo.jpg, id=1, 1284.8pt x 963.6pt>
File: graphics/logo.jpg Graphic file (type jpg)
 <use graphics/logo.jpg>
Overfull \hbox (2.42162pt too wide) in paragraph at lines 49--49
  [] 
 []

LaTeX Font Info:    External font `cmex10' loaded for size
(Font)              <12> on input line 49.
[1

{C:/Documents and Settings/All Users/Application Data/MiKTeX/2.7/pdftex/config/
pdftex.map} <graphics/logo.jpg>]
Kapittel 1.
(summary.tex [1

]) [2] ("D:\My Documents\EIT\rep\procreport\aux-files\report.toc")
\tf@toc=\write3
 [3

]
Kapittel 2.
(intro.tex
LaTeX Font Info:    Try loading font information for OMS+cmr on input line 4.
 ("C:\Program Files\MiKTeX\tex\latex\base\omscmr.fd"
File: omscmr.fd 1999/05/25 v2.5h Standard LaTeX font definitions
)
LaTeX Font Info:    Font shape `OMS/cmr/m/n' in size <10.95> not available
(Font)              Font shape `OMS/cmsy/m/n' tried instead on input line 4.
) [4

] [5]
Kapittel 3.
(theme.tex [6

] [7]) [8]
Kapittel 4.
(group.tex [9

] [10] [11] [12] [13] [14]) [15]
Kapittel 5.
(group_eval.tex [16

] [17] [18] [19] [20] [21] [22]) [23]
Kapittel 6.
(group_phases.tex [24

] [25] [26]) [27]
Kapittel 7.
(comm_tools.tex [28

]
Overfull \hbox (182.68906pt too wide) in paragraph at lines 30--51
[][] 
 []

[29] [30] [31]) [32]
Kapittel 8.
(evaluation.tex [33

] [34]) [35]
Kapittel 9.
(conclusion.tex) [36

]
Kapittel 10.
(references.tex
Overfull \hbox (1.25557pt too wide) in paragraph at lines 2--5
[]\T1/cmr/m/n/10.95 http://www.1000ventures.com/business guide/crosscuttings/te
am vs group.html Aus-tralian Busi-
 []

) [37

]
Appendix A.
(group_contract.tex [38

]) [39]
("D:\My Documents\EIT\rep\procreport\aux-files\report.aux") ) 
Here is how much of TeX's memory you used:
 1266 strings out of 95305
 14158 string characters out of 1183182
 67381 words of memory out of 1500000
 4452 multiletter control sequences out of 110000
 16554 words of font info for 38 fonts, out of 1200000 for 2000
 14 hyphenation exceptions out of 8191
 25i,7n,28p,2223b,200s stack positions out of 5000i,500n,10000p,200000b,5000s
 <C:\Documents and
 Settings\All Users\Application Data\MiKTeX\2.7\fonts\pk\ljfour\jknappen\ec\dpi
600\ecbx1200.pk> <C:\Documents and Settings\All Users\Application Data\MiKTeX\2
.7\fonts\pk\ljfour\jknappen\ec\dpi600\ecbx1095.pk> <C:\Documents and Settings\A
ll Users\Application Data\MiKTeX\2.7\fonts\pk\ljfour\jknappen\ec\dpi600\ecrm109
5.pk> <C:\Documents and Settings\All Users\Application Data\MiKTeX\2.7\fonts\pk
\ljfour\jknappen\ec\dpi600\ecbx2488.pk> <C:\Documents and Settings\All Users\Ap
plication Data\MiKTeX\2.7\fonts\pk\ljfour\jknappen\ec\dpi600\ecbx2074.pk> <C:\D
ocuments and Settings\All Users\Application Data\MiKTeX\2.7\fonts\pk\ljfour\jkn
appen\ec\dpi600\ecrm1000.pk> <C:\Documents and Settings\All Users\Application D
ata\MiKTeX\2.7\fonts\pk\ljfour\jknappen\ec\dpi600\ecrm1200.pk> <C:\Documents an
d Settings\All Users\Application Data\MiKTeX\2.7\fonts\pk\ljfour\jknappen\ec\dp
i600\ecbx1440.pk> <C:\Documents and Settings\All Users\Application Data\MiKTeX\
2.7\fonts\pk\ljfour\jknappen\ec\dpi600\ecrm1440.pk><C:/Program Files/MiKTeX/fon
ts/type1/bluesky/cm/cmsy10.pfb>
Output written on report.pdf (40 pages, 470006 bytes).
PDF statistics:
 497 PDF objects out of 1000 (max. 8388607)
 0 named destinations out of 1000 (max. 131072)
 6 words of extra memory for PDF output out of 10000 (max. 10000000)

