This is pdfTeX, Version 3.1415926-1.40.8-beta-20080627 (MiKTeX 2.7)
entering extended mode
(report.tex
LaTeX2e <2005/12/01>
Babel <v3.8j> and hyphenation patterns for english, dumylang, nohyphenation, ge
rman, ngerman, german-x-2008-06-18, ngerman-x-2008-06-18, french, loaded.
("C:\Program Files\MiKTeX\tex\latex\base\report.cls"
Document Class: report 2005/09/16 v1.4f Standard LaTeX document class
("C:\Program Files\MiKTeX\tex\latex\base\size12.clo")) (rotating.sty
("C:\Program Files\MiKTeX\tex\latex\graphics\graphicx.sty"
("C:\Program Files\MiKTeX\tex\latex\graphics\keyval.sty")
("C:\Program Files\MiKTeX\tex\latex\graphics\graphics.sty"
("C:\Program Files\MiKTeX\tex\latex\graphics\trig.sty")
("C:\Program Files\MiKTeX\tex\latex\00miktex\graphics.cfg")
("C:\Program Files\MiKTeX\tex\latex\graphics\dvips.def")))
("C:\Program Files\MiKTeX\tex\latex\base\ifthen.sty"))
("C:\Program Files\MiKTeX\tex\latex\tools\longtable.sty") (titlepic.sty)
("C:\Program Files\MiKTeX\tex\latex\tools\verbatim.sty")
("D:\My Documents\EIT\repository\aux-files\report.aux") <logo.ps>
Overfull \hbox (2.61108pt too wide) in paragraph at lines 34--34
  [] 
[1] (summary.tex) [1] ("D:\My Documents\EIT\repository\aux-files\report.toc")
[2] ("D:\My Documents\EIT\repository\aux-files\report.lot") [3]
("D:\My Documents\EIT\repository\aux-files\report.lof") (list_of_acronyms.tex
[4]) [5] (intro.tex) [1] [2] [3]
Overfull \hbox (128.70026pt too wide) in paragraph at lines 120--120
[]\OT1/cmtt/m/n/12 \nocite {a1,a2,a3,a4,a5,a6,a7,a8,a9,a10,a11,a12,a13,a14,a15,
a16,a17,a18,a19,a20,a21}[] 
[4] ("D:\My Documents\EIT\repository\aux-files\report.aux") )
(see the transcript file for additional information)
Output written on report.dvi (10 pages, 2980 bytes).
Transcript written on report.log.
